\BOOKMARK [0][-]{chapter*.2}{Contributors}{}% 1
\BOOKMARK [0][-]{chapter*.3}{Foreword}{}% 2
\BOOKMARK [0][-]{chapter*.4}{Preface}{}% 3
\BOOKMARK [0][-]{chapter*.5}{Acknowledgments}{}% 4
\BOOKMARK [0][-]{chapter*.6}{Acronyms}{}% 5
\BOOKMARK [0][-]{chapter.1}{Week1}{}% 6
\BOOKMARK [1][-]{section.1.1}{Tuesday}{chapter.1}% 7
\BOOKMARK [2][-]{subsection.1.1.1}{Introduction}{section.1.1}% 8
\BOOKMARK [2][-]{subsection.1.1.2}{Gaussian Elimination}{section.1.1}% 9
\BOOKMARK [2][-]{subsection.1.1.3}{Complexity Analysis}{section.1.1}% 10
\BOOKMARK [2][-]{subsection.1.1.4}{Brief Summary}{section.1.1}% 11
\BOOKMARK [1][-]{section.1.2}{Thursday}{chapter.1}% 12
\BOOKMARK [2][-]{subsection.1.2.1}{Row-Echelon Form}{section.1.2}% 13
\BOOKMARK [2][-]{subsection.1.2.2}{Matrix Multiplication}{section.1.2}% 14
\BOOKMARK [2][-]{subsection.1.2.3}{Special Matrices}{section.1.2}% 15
\BOOKMARK [1][-]{section.1.3}{Friday}{chapter.1}% 16
\BOOKMARK [2][-]{subsection.1.3.1}{Matrix Multiplication}{section.1.3}% 17
\BOOKMARK [2][-]{subsection.1.3.2}{Elementary Matrix}{section.1.3}% 18
\BOOKMARK [2][-]{subsection.1.3.3}{Properties of Matrix}{section.1.3}% 19
\BOOKMARK [2][-]{subsection.1.3.4}{Permutation Matrix}{section.1.3}% 20
\BOOKMARK [2][-]{subsection.1.3.5}{LU decomposition}{section.1.3}% 21
\BOOKMARK [2][-]{subsection.1.3.6}{LDU decomposition}{section.1.3}% 22
\BOOKMARK [2][-]{subsection.1.3.7}{LU Decomposition with row exchanges}{section.1.3}% 23
\BOOKMARK [0][-]{chapter.2}{Week2}{}% 24
\BOOKMARK [1][-]{section.2.1}{Tuesday}{chapter.2}% 25
\BOOKMARK [2][-]{subsection.2.1.1}{Review}{section.2.1}% 26
\BOOKMARK [2][-]{subsection.2.1.2}{Special matrix multiplication case}{section.2.1}% 27
\BOOKMARK [2][-]{subsection.2.1.3}{Inverse}{section.2.1}% 28
\BOOKMARK [1][-]{section.2.2}{Wednesday}{chapter.2}% 29
\BOOKMARK [2][-]{subsection.2.2.1}{Remarks on Gaussian Elimination}{section.2.2}% 30
\BOOKMARK [2][-]{subsection.2.2.2}{Properties of matrix}{section.2.2}% 31
\BOOKMARK [2][-]{subsection.2.2.3}{matrix transpose}{section.2.2}% 32
\BOOKMARK [1][-]{section.2.3}{Assignment Two}{chapter.2}% 33
\BOOKMARK [1][-]{section.2.4}{Friday}{chapter.2}% 34
\BOOKMARK [2][-]{subsection.2.4.1}{symmetric matrix}{section.2.4}% 35
\BOOKMARK [2][-]{subsection.2.4.2}{Interaction of inverse and transpose}{section.2.4}% 36
\BOOKMARK [2][-]{subsection.2.4.3}{Vector Space}{section.2.4}% 37
\BOOKMARK [1][-]{section.2.5}{Assignment Three}{chapter.2}% 38
\BOOKMARK [0][-]{chapter.3}{Week3}{}% 39
\BOOKMARK [1][-]{section.3.1}{Tuesday}{chapter.3}% 40
\BOOKMARK [2][-]{subsection.3.1.1}{Introduction}{section.3.1}% 41
\BOOKMARK [2][-]{subsection.3.1.2}{Review of 2 weeks}{section.3.1}% 42
\BOOKMARK [2][-]{subsection.3.1.3}{Examples of solving equations}{section.3.1}% 43
\BOOKMARK [2][-]{subsection.3.1.4}{How to solve a general rectangular}{section.3.1}% 44
\BOOKMARK [1][-]{section.3.2}{Thursday}{chapter.3}% 45
\BOOKMARK [2][-]{subsection.3.2.1}{Review}{section.3.2}% 46
\BOOKMARK [2][-]{subsection.3.2.2}{Remarks on solving linear system equations}{section.3.2}% 47
\BOOKMARK [2][-]{subsection.3.2.3}{Linearly dependence}{section.3.2}% 48
\BOOKMARK [2][-]{subsection.3.2.4}{Basis and dimension}{section.3.2}% 49
\BOOKMARK [1][-]{section.3.3}{Friday}{chapter.3}% 50
\BOOKMARK [2][-]{subsection.3.3.1}{Review}{section.3.3}% 51
\BOOKMARK [2][-]{subsection.3.3.2}{More on basis and dimension}{section.3.3}% 52
\BOOKMARK [2][-]{subsection.3.3.3}{What is rank?}{section.3.3}% 53
\BOOKMARK [1][-]{section.3.4}{Assignment Four}{chapter.3}% 54
\BOOKMARK [0][-]{chapter.4}{Midterm}{}% 55
\BOOKMARK [1][-]{section.4.1}{Sample Exam}{chapter.4}% 56
\BOOKMARK [1][-]{section.4.2}{Midterm Exam}{chapter.4}% 57
\BOOKMARK [0][-]{chapter.5}{Week4}{}% 58
\BOOKMARK [1][-]{section.5.1}{Friday}{chapter.5}% 59
\BOOKMARK [2][-]{subsection.5.1.1}{Linear Transformation}{section.5.1}% 60
\BOOKMARK [2][-]{subsection.5.1.2}{Example: differentiation}{section.5.1}% 61
\BOOKMARK [2][-]{subsection.5.1.3}{Basis Change}{section.5.1}% 62
\BOOKMARK [2][-]{subsection.5.1.4}{Determinant}{section.5.1}% 63
\BOOKMARK [1][-]{section.5.2}{Assignment Five}{chapter.5}% 64
\BOOKMARK [0][-]{chapter.6}{Week5}{}% 65
\BOOKMARK [1][-]{section.6.1}{Tuesday}{chapter.6}% 66
\BOOKMARK [2][-]{subsection.6.1.1}{Formulas for Determinant}{section.6.1}% 67
\BOOKMARK [2][-]{subsection.6.1.2}{Determinant by Cofactors}{section.6.1}% 68
\BOOKMARK [2][-]{subsection.6.1.3}{Determinant Applications}{section.6.1}% 69
\BOOKMARK [2][-]{subsection.6.1.4}{Orthogonality and Projection}{section.6.1}% 70
\BOOKMARK [1][-]{section.6.2}{Thursday}{chapter.6}% 71
\BOOKMARK [2][-]{subsection.6.2.1}{Orthogonality and Projection}{section.6.2}% 72
\BOOKMARK [2][-]{subsection.6.2.2}{Least Squares Approximations}{section.6.2}% 73
\BOOKMARK [2][-]{subsection.6.2.3}{Projections}{section.6.2}% 74
\BOOKMARK [1][-]{section.6.3}{Friday}{chapter.6}% 75
\BOOKMARK [2][-]{subsection.6.3.1}{Orthonormal basis}{section.6.3}% 76
\BOOKMARK [2][-]{subsection.6.3.2}{Gram-Schmidt Process}{section.6.3}% 77
\BOOKMARK [2][-]{subsection.6.3.3}{The Factorization A=QR.}{section.6.3}% 78
\BOOKMARK [2][-]{subsection.6.3.4}{Function Space}{section.6.3}% 79
\BOOKMARK [2][-]{subsection.6.3.5}{Fourier Series}{section.6.3}% 80
\BOOKMARK [1][-]{section.6.4}{Assignment Six}{chapter.6}% 81
\BOOKMARK [0][-]{chapter.7}{Week6}{}% 82
\BOOKMARK [1][-]{section.7.1}{Tuesday}{chapter.7}% 83
\BOOKMARK [2][-]{subsection.7.1.1}{Summary of last two weeks}{section.7.1}% 84
\BOOKMARK [2][-]{subsection.7.1.2}{Eigenvalues and eigenvectors}{section.7.1}% 85
\BOOKMARK [2][-]{subsection.7.1.3}{Products and Sums of Eigenvalue}{section.7.1}% 86
\BOOKMARK [2][-]{subsection.7.1.4}{Application: Page Rank and Web Search}{section.7.1}% 87
\BOOKMARK [1][-]{section.7.2}{Thursday}{chapter.7}% 88
\BOOKMARK [2][-]{subsection.7.2.1}{Review}{section.7.2}% 89
\BOOKMARK [2][-]{subsection.7.2.2}{Similarity and eigenvalues}{section.7.2}% 90
\BOOKMARK [2][-]{subsection.7.2.3}{Diagonalization}{section.7.2}% 91
\BOOKMARK [2][-]{subsection.7.2.4}{Powers of A}{section.7.2}% 92
\BOOKMARK [2][-]{subsection.7.2.5}{Nondiagonalizable Matrices}{section.7.2}% 93
\BOOKMARK [1][-]{section.7.3}{Friday}{chapter.7}% 94
\BOOKMARK [2][-]{subsection.7.3.1}{Review}{section.7.3}% 95
\BOOKMARK [2][-]{subsection.7.3.2}{Fibonacci Numbers}{section.7.3}% 96
\BOOKMARK [2][-]{subsection.7.3.3}{Imaginary Eigenvalues}{section.7.3}% 97
\BOOKMARK [2][-]{subsection.7.3.4}{Complex Numbers}{section.7.3}% 98
\BOOKMARK [2][-]{subsection.7.3.5}{Complex Vectors}{section.7.3}% 99
\BOOKMARK [2][-]{subsection.7.3.6}{Spectral Theorem}{section.7.3}% 100
\BOOKMARK [2][-]{subsection.7.3.7}{Hermitian matrix}{section.7.3}% 101
\BOOKMARK [1][-]{section.7.4}{Assignment Seven}{chapter.7}% 102
\BOOKMARK [0][-]{chapter.8}{Week7}{}% 103
\BOOKMARK [1][-]{section.8.1}{Tuesday}{chapter.8}% 104
\BOOKMARK [2][-]{subsection.8.1.1}{Quadratic form}{section.8.1}% 105
\BOOKMARK [2][-]{subsection.8.1.2}{Positive Definite Matrices}{section.8.1}% 106
\BOOKMARK [1][-]{section.8.2}{Thursday}{chapter.8}% 107
\BOOKMARK [2][-]{subsection.8.2.1}{SVD: Singular Value Decomposition}{section.8.2}% 108
\BOOKMARK [2][-]{subsection.8.2.2}{Remark on SVD decomposition}{section.8.2}% 109
\BOOKMARK [2][-]{subsection.8.2.3}{Best Low-Rank Approximation}{section.8.2}% 110
\BOOKMARK [1][-]{section.8.3}{Assignment Eight}{chapter.8}% 111
\BOOKMARK [0][-]{chapter.9}{Final Exam}{}% 112
\BOOKMARK [1][-]{section.9.1}{Sample Exam}{chapter.9}% 113
\BOOKMARK [1][-]{section.9.2}{Final Exam}{chapter.9}% 114
\BOOKMARK [0][-]{chapter.10}{Solution}{}% 115
\BOOKMARK [1][-]{section.10.1}{Assignment Solutions}{chapter.10}% 116
\BOOKMARK [2][-]{subsection.10.1.1}{Solution to Assignment One}{section.10.1}% 117
\BOOKMARK [2][-]{subsection.10.1.2}{Solution to Assignment Two}{section.10.1}% 118
\BOOKMARK [2][-]{subsection.10.1.3}{Solution to Assignment Three}{section.10.1}% 119
\BOOKMARK [2][-]{subsection.10.1.4}{Solution to Assignment Four}{section.10.1}% 120
\BOOKMARK [2][-]{subsection.10.1.5}{Solution to Assignment Five}{section.10.1}% 121
\BOOKMARK [2][-]{subsection.10.1.6}{Solution to Assignment Six}{section.10.1}% 122
\BOOKMARK [2][-]{subsection.10.1.7}{Solution to Assignment Seven}{section.10.1}% 123
\BOOKMARK [2][-]{subsection.10.1.8}{Solution to Assignment Eight}{section.10.1}% 124
\BOOKMARK [1][-]{section.10.2}{Midterm Exam Solutions}{chapter.10}% 125
\BOOKMARK [2][-]{subsection.10.2.1}{Sample Exam Solution}{section.10.2}% 126
\BOOKMARK [2][-]{subsection.10.2.2}{Midterm Exam Solution}{section.10.2}% 127
\BOOKMARK [1][-]{section.10.3}{Final Exam Solutions}{chapter.10}% 128
\BOOKMARK [2][-]{subsection.10.3.1}{Sample Exam Solution}{section.10.3}% 129
\BOOKMARK [2][-]{subsection.10.3.2}{Final Exam Solution}{section.10.3}% 130
\BOOKMARK [0][-]{appendix.A}{This is Appendix Title}{}% 131
\BOOKMARK [1][-]{section.A.1}{This is First Level Heading}{appendix.A}% 132
\BOOKMARK [2][-]{subsection.A.1.1}{This is Second Level Heading}{section.A.1}% 133
